0 info it worked if it ends with ok
1 verbose cli [ '/usr/bin/nodejs',
1 verbose cli   '/usr/bin/npm',
1 verbose cli   'install',
1 verbose cli   'grunt-file-append',
1 verbose cli   '--save-dev' ]
2 info using npm@1.3.10
3 info using node@v0.10.25
4 verbose cache add [ 'grunt-file-append', null ]
5 verbose cache add name=undefined spec="grunt-file-append" args=["grunt-file-append",null]
6 verbose parsed url { protocol: null,
6 verbose parsed url   slashes: null,
6 verbose parsed url   auth: null,
6 verbose parsed url   host: null,
6 verbose parsed url   port: null,
6 verbose parsed url   hostname: null,
6 verbose parsed url   hash: null,
6 verbose parsed url   search: null,
6 verbose parsed url   query: null,
6 verbose parsed url   pathname: 'grunt-file-append',
6 verbose parsed url   path: 'grunt-file-append',
6 verbose parsed url   href: 'grunt-file-append' }
7 silly lockFile 74c92033-grunt-file-append grunt-file-append
8 verbose lock grunt-file-append /home/brlebtag/.npm/74c92033-grunt-file-append.lock
9 silly lockFile 74c92033-grunt-file-append grunt-file-append
10 silly lockFile 74c92033-grunt-file-append grunt-file-append
11 verbose addNamed [ 'grunt-file-append', '' ]
12 verbose addNamed [ null, '*' ]
13 silly lockFile 6b575f55-grunt-file-append grunt-file-append@
14 verbose lock grunt-file-append@ /home/brlebtag/.npm/6b575f55-grunt-file-append.lock
15 silly addNameRange { name: 'grunt-file-append', range: '*', hasData: false }
16 verbose url raw grunt-file-append
17 verbose url resolving [ 'https://registry.npmjs.org/', './grunt-file-append' ]
18 verbose url resolved https://registry.npmjs.org/grunt-file-append
19 info trying registry request attempt 1 at 14:10:03
20 http GET https://registry.npmjs.org/grunt-file-append
21 http 200 https://registry.npmjs.org/grunt-file-append
22 silly registry.get cb [ 200,
22 silly registry.get   { server: 'CouchDB/1.5.0 (Erlang OTP/R16B03)',
22 silly registry.get     etag: '"40YTQQ2I63B6NR2Y8TSDMDZ0Z"',
22 silly registry.get     'content-type': 'application/json',
22 silly registry.get     'cache-control': 'max-age=60',
22 silly registry.get     'content-length': '9519',
22 silly registry.get     'accept-ranges': 'bytes',
22 silly registry.get     date: 'Wed, 30 Sep 2015 17:10:04 GMT',
22 silly registry.get     via: '1.1 varnish',
22 silly registry.get     age: '0',
22 silly registry.get     connection: 'keep-alive',
22 silly registry.get     'x-served-by': 'cache-jfk1029-JFK',
22 silly registry.get     'x-cache': 'HIT',
22 silly registry.get     'x-cache-hits': '1',
22 silly registry.get     'x-timer': 'S1443633004.261407,VS0,VE375',
22 silly registry.get     vary: 'Accept' } ]
23 silly addNameRange number 2 { name: 'grunt-file-append', range: '*', hasData: true }
24 silly addNameRange versions [ 'grunt-file-append',
24 silly addNameRange   [ '0.0.2', '0.0.3', '0.0.4', '0.0.5', '0.0.6' ] ]
25 verbose addNamed [ 'grunt-file-append', '0.0.6' ]
26 verbose addNamed [ '0.0.6', '0.0.6' ]
27 silly lockFile afc16e39-grunt-file-append-0-0-6 grunt-file-append@0.0.6
28 verbose lock grunt-file-append@0.0.6 /home/brlebtag/.npm/afc16e39-grunt-file-append-0-0-6.lock
29 silly lockFile 8ce36dd8-pend-grunt-file-append-0-0-6-tgz https://registry.npmjs.org/grunt-file-append/-/grunt-file-append-0.0.6.tgz
30 verbose lock https://registry.npmjs.org/grunt-file-append/-/grunt-file-append-0.0.6.tgz /home/brlebtag/.npm/8ce36dd8-pend-grunt-file-append-0-0-6-tgz.lock
31 verbose addRemoteTarball [ 'https://registry.npmjs.org/grunt-file-append/-/grunt-file-append-0.0.6.tgz',
31 verbose addRemoteTarball   'da71f4eea3ed3b295138228859a145676357ef3f' ]
32 silly lockFile 8ce36dd8-pend-grunt-file-append-0-0-6-tgz https://registry.npmjs.org/grunt-file-append/-/grunt-file-append-0.0.6.tgz
33 silly lockFile 8ce36dd8-pend-grunt-file-append-0-0-6-tgz https://registry.npmjs.org/grunt-file-append/-/grunt-file-append-0.0.6.tgz
34 silly lockFile afc16e39-grunt-file-append-0-0-6 grunt-file-append@0.0.6
35 silly lockFile afc16e39-grunt-file-append-0-0-6 grunt-file-append@0.0.6
36 silly lockFile 6b575f55-grunt-file-append grunt-file-append@
37 silly lockFile 6b575f55-grunt-file-append grunt-file-append@
38 error Error: EACCES, mkdir '/home/brlebtag/tmp/npm-12079-wN9GXcuF'
38 error  { [Error: EACCES, mkdir '/home/brlebtag/tmp/npm-12079-wN9GXcuF']
38 error   errno: 3,
38 error   code: 'EACCES',
38 error   path: '/home/brlebtag/tmp/npm-12079-wN9GXcuF' }
39 error Please try running this command again as root/Administrator.
40 error System Linux 3.16.0-49-generic
41 error command "/usr/bin/nodejs" "/usr/bin/npm" "install" "grunt-file-append" "--save-dev"
42 error cwd /home/brlebtag/Development/ProjetoLebtag/static
43 error node -v v0.10.25
44 error npm -v 1.3.10
45 error path /home/brlebtag/tmp/npm-12079-wN9GXcuF
46 error code EACCES
47 error errno 3
48 error stack Error: EACCES, mkdir '/home/brlebtag/tmp/npm-12079-wN9GXcuF'
49 verbose exit [ 3, true ]
